Notify: Found jdk version: 1.6.0.
Notify: classpath=D:\LR_Script\LR_JAVA_SysOrder\SysOrder\;c:\program files (x86)\hp\loadrunner\classes\srv;c:\program files (x86)\hp\loadrunner\classes;.;C:\Program Files (x86)\Java\jdk1.6.0_45\bin;C:\Program Files (x86)\Java\jdk1.6.0_45\lib\dt.jar;C:\Program Files (x86)\Java\jdk1.6.0_45\lib\tools.jar;C:\Program Files (x86)\HP\LoadRunner\classes\lr_http.jar;C:\Program Files (x86)\HP\LoadRunner\classes\yidao_getSign.jar;;;;c:\program files (x86)\hp\loadrunner\lib\xstream-1.3.jar;c:\program files (x86)\hp\loadrunner\lib\xpp3-1.1.4c.jar
Notify: Path=C:\Program Files (x86)\Java\jdk1.6.0_45\jre\bin\client;C:\PROGRA~2\HP\LOADRU~1\bin;C:\PROGRA~2\HP\LOADRU~1\bin\gecko;C:\PROGRA~2\HP\LOADRU~1\bin\tulip\bin;C:\Program Files (x86)\Java\jdk1.6.0_45\bin;C:\Program Files (x86)\Java\jdk1.6.0_45\jre\bin;C:\Windows/system32;C:\Windows;D:\SoftWare\Eclipse_20160408\eclipse\plugins\org.apache.ant_1.9.6.v201510161327\bin;C:\Program Files (x86)\Git\bin;C:\Program Files (x86)\apache-maven-3.3.9\bin;C:\Program Files\TortoiseGit\bin;C:\strawberry\c\bin;C:\strawberry\perl\bin;C:\Program Files (x86)\Java\jdk1.6.0_45\bin;C:\Program Files (x86)\Java\jdk1.6.0_45\jre\bin;C:\Windows/system32;C:\Windows;D:\SoftWare\Eclipse_20160408\eclipse\plugins\org.apache.ant_1.9.6.v201510161327\bin;C:\Program Files (x86)\Git\bin;C:\Program Files (x86)\apache-maven-3.3.9\bin;
Notify: VM Params: .
Virtual User Script started at : 2017-03-13 17:22:01
Starting action vuser_init.
Ending action vuser_init.
Running Vuser...
Starting iteration 1.
Starting action Actions.
web_set_sockets_option was successful  	[MsgId: MMSG-26392]
System.out: D:\LR_Script\LR_JAVA_SysOrder\SysOrder\getestimatedcost.txt                                                                                                                                                      Notify:
Warning -26593: The header being added may cause unpredictable results when applied to all ensuing URLs. It is added anyway  	[MsgId: MWAR-26593]
web_add_header("Authorization") highest severity level was "warning"  	[MsgId: MMSG-26391]
web_add_header("User-Agent") was successful  	[MsgId: MMSG-26392]
web_add_header("sign") was successful  	[MsgId: MMSG-26392]
Registering web_reg_find was successful  	[MsgId: MMSG-26390]
Notify: Transaction "订单预估OrderEstimated" started.
HTML parsing not performed for Content-Type "application/json" ("ParseHtmlContentType" Run-Time Setting is "TEXT"). URL="https://ycagent.yongche.com/order/estimate?start_latitude=38.77968&city=hlbe&time_length=1800&start_longitude=82.68452&passenger_phone=16801234527&nonce=1489396921&end_longitude=82.68258&end_latitude=38.77342&start_time=1489396921&car_type_id=3&in_coord_type=baidu&product_type_id=1&is_asap=1"  	[MsgId: MMSG-26548]
Registered web_reg_find successful for "Text="ret_code":200" (count=1)  	[MsgId: MMSG-26364]
web_custom_request("yidao_orderEstimated") was successful, 1196 body bytes, 287 header bytes, 12 chunking overhead bytes  	[MsgId: MMSG-26385]
Notify: Transaction "订单预估OrderEstimated" ended with "Pass" status (Duration: 0.5904 Wasted Time: 0.0000).
System.out: D:\LR_Script\LR_JAVA_SysOrder\SysOrder\createorder.txt                                                                                                                                                      Notify:
System.out: {estimate_distance=, estimate_info=, coupon_member=, area_code=, is_support_system_decision=1, city=hlbe, from_pos=testaddr, to_pos=testaddr, driver_id=, order_lat=36.90444, passenger_name=testY, estimate_time=, product_type_id=1, end_lat=36.90222, favor_front_seat=, is_need_manual_dispatch=0, start_address=testaddr, favor_chat=, end_address=testaddr, order_port=, flight_data_id=, favor_slow=, flight_number=, corporate_id=0, passenger_sms=0, ip=, start_lng=100.15211, corporate_dept_id=0, has_custom_decision=0, source=20000001, passenger_phone=13391951392, favor_emergency_light=, favor_air_condition=, favor_fm=, favor_aromatherapy=, end_lng=100.15222, start_time=1483082047, in_coord_type=baidu, car_type_id=3, favor_no_call=, order_lng=100.15333, start_lat=36.90211, is_asap=1}                                                                                                                                                      Notify:
System.out: {estimate_distance=, estimate_info=, coupon_member=, area_code=, is_support_system_decision=1, city=hlbe, from_pos=testaddr, to_pos=testaddr, driver_id=, order_lat=38.77068, passenger_name=testY, estimate_time=, product_type_id=1, end_lat=38.77990, favor_front_seat=, is_need_manual_dispatch=0, start_address=testaddr, favor_chat=, end_address=testaddr, order_port=, flight_data_id=, favor_slow=, flight_number=, corporate_id=0, passenger_sms=0, ip=, start_lng=82.68417, corporate_dept_id=0, has_custom_decision=0, source=20000001, passenger_phone=13391951392, nonce=1489396921, favor_emergency_light=, favor_air_condition=, favor_fm=, favor_aromatherapy=, end_lng=82.68967, start_time=1489396921, in_coord_type=baidu, car_type_id=3, favor_no_call=, order_lng=82.68462, start_lat=38.77722, is_asap=1}                                                                                                                                                      Notify:
Registering web_reg_save_param was successful  	[MsgId: MMSG-26390]
Warning -26593: The header being added may cause unpredictable results when applied to all ensuing URLs. It is added anyway  	[MsgId: MWAR-26593]
web_add_header("Authorization") highest severity level was "warning"  	[MsgId: MMSG-26391]
web_add_header("User-Agent") was successful  	[MsgId: MMSG-26392]
web_add_header("sign") was successful  	[MsgId: MMSG-26392]
Registering web_reg_find was successful  	[MsgId: MMSG-26390]
Notify: Transaction "创建系统决策订单createSysOrder" started.
HTML parsing not performed for Content-Type "application/json" ("ParseHtmlContentType" Run-Time Setting is "TEXT"). URL="https://ycagent.yongche.com/order"  	[MsgId: MMSG-26548]
Registered web_reg_find successful for "Text=order_id" (count=1)  	[MsgId: MMSG-26364]
web_custom_request("yidao_creatOrder") was successful, 181 body bytes, 184 header bytes, 11 chunking overhead bytes  	[MsgId: MMSG-26385]
Notify: Transaction "创建系统决策订单createSysOrder" ended with "Pass" status (Duration: 0.1759 Wasted Time: 0.0000).
Registering web_reg_save_param was successful  	[MsgId: MMSG-26390]
Registering web_reg_find was successful  	[MsgId: MMSG-26390]
Warning -26593: The header being added may cause unpredictable results when applied to all ensuing URLs. It is added anyway  	[MsgId: MWAR-26593]
web_add_header("Authorization") highest severity level was "warning"  	[MsgId: MMSG-26391]
web_add_header("User-Agent") was successful  	[MsgId: MMSG-26392]
web_add_header("sign") was successful  	[MsgId: MMSG-26392]
lr_think_time: 1.00 seconds.
Notify: Transaction "获取订单状态getOrderStatus" started.
HTML parsing not performed for Content-Type "application/json" ("ParseHtmlContentType" Run-Time Setting is "TEXT"). URL="https://ycagent.yongche.com/order/status?nonce=1489396921&order_id=6396911129292998420"  	[MsgId: MMSG-26548]
Registered web_reg_find successful for "Text="status":"4" (count=1)  	[MsgId: MMSG-26364]
web_custom_request("yidao_getOrderStatus") was successful, 139 body bytes, 184 header bytes, 11 chunking overhead bytes  	[MsgId: MMSG-26385]
Notify: Transaction "获取订单状态getOrderStatus" ended with "Pass" status (Duration: 0.0506 Wasted Time: 0.0000).
Warning -26593: The header being added may cause unpredictable results when applied to all ensuing URLs. It is added anyway  	[MsgId: MWAR-26593]
web_add_header("Authorization") highest severity level was "warning"  	[MsgId: MMSG-26391]
web_add_header("User-Agent") was successful  	[MsgId: MMSG-26392]
web_add_header("sign") was successful  	[MsgId: MMSG-26392]
Registering web_reg_find was successful  	[MsgId: MMSG-26390]
Notify: Transaction "取消订单cancelOrder" started.
HTML parsing not performed for Content-Type "application/json" ("ParseHtmlContentType" Run-Time Setting is "TEXT"). URL="https://ycagent.yongche.com/order/cancel"  	[MsgId: MMSG-26548]
Registered web_reg_find successful for "Text="ret_code":200" (count=2)  	[MsgId: MMSG-26364]
web_custom_request("yidao_cancelOrder") was successful, 75 body bytes, 184 header bytes, 11 chunking overhead bytes  	[MsgId: MMSG-26385]
Notify: Transaction "取消订单cancelOrder" ended with "Pass" status (Duration: 0.1020 Wasted Time: 0.0000).
Ending action Actions.
Ending iteration 1.
Ending Vuser...
Starting action vuser_end.
Ending action vuser_end.
Vuser Terminated.
